DEBUG: [lsi.ubu.util.ExecuteScript.run(ExecuteScript.java:59)]2022-04-21 22:16:55.250 [main] ExecuteScript - 
DEBUG: [lsi.ubu.util.ExecuteScript.run(ExecuteScript.java:59)]2022-04-21 22:16:55.277 [main] ExecuteScript - SQL*Plus: Release 11.2.0.2.0 Production on Jue Abr 21 22:16:55 2022
DEBUG: [lsi.ubu.util.ExecuteScript.run(ExecuteScript.java:59)]2022-04-21 22:16:55.289 [main] ExecuteScript - 
DEBUG: [lsi.ubu.util.ExecuteScript.run(ExecuteScript.java:59)]2022-04-21 22:16:55.290 [main] ExecuteScript - Copyright (c) 1982, 2011, Oracle.  All rights reserved.
DEBUG: [lsi.ubu.util.ExecuteScript.run(ExecuteScript.java:59)]2022-04-21 22:16:55.315 [main] ExecuteScript - 
DEBUG: [lsi.ubu.util.ExecuteScript.run(ExecuteScript.java:59)]2022-04-21 22:16:55.379 [main] ExecuteScript - 
DEBUG: [lsi.ubu.util.ExecuteScript.run(ExecuteScript.java:59)]2022-04-21 22:16:55.380 [main] ExecuteScript - Connected to:
DEBUG: [lsi.ubu.util.ExecuteScript.run(ExecuteScript.java:59)]2022-04-21 22:16:55.380 [main] ExecuteScript - Oracle Database 11g Express Edition Release 11.2.0.2.0 - 64bit Production
DEBUG: [lsi.ubu.util.ExecuteScript.run(ExecuteScript.java:59)]2022-04-21 22:16:55.381 [main] ExecuteScript - 
DEBUG: [lsi.ubu.util.ExecuteScript.run(ExecuteScript.java:59)]2022-04-21 22:16:55.500 [main] ExecuteScript - 
DEBUG: [lsi.ubu.util.ExecuteScript.run(ExecuteScript.java:59)]2022-04-21 22:16:55.501 [main] ExecuteScript - Table dropped.
DEBUG: [lsi.ubu.util.ExecuteScript.run(ExecuteScript.java:59)]2022-04-21 22:16:55.502 [main] ExecuteScript - 
DEBUG: [lsi.ubu.util.ExecuteScript.run(ExecuteScript.java:59)]2022-04-21 22:16:55.560 [main] ExecuteScript - 
DEBUG: [lsi.ubu.util.ExecuteScript.run(ExecuteScript.java:59)]2022-04-21 22:16:55.560 [main] ExecuteScript - Table dropped.
DEBUG: [lsi.ubu.util.ExecuteScript.run(ExecuteScript.java:59)]2022-04-21 22:16:55.562 [main] ExecuteScript - 
DEBUG: [lsi.ubu.util.ExecuteScript.run(ExecuteScript.java:59)]2022-04-21 22:16:55.601 [main] ExecuteScript - 
DEBUG: [lsi.ubu.util.ExecuteScript.run(ExecuteScript.java:59)]2022-04-21 22:16:55.625 [main] ExecuteScript - Table dropped.
DEBUG: [lsi.ubu.util.ExecuteScript.run(ExecuteScript.java:59)]2022-04-21 22:16:55.626 [main] ExecuteScript - 
DEBUG: [lsi.ubu.util.ExecuteScript.run(ExecuteScript.java:59)]2022-04-21 22:16:55.711 [main] ExecuteScript - 
DEBUG: [lsi.ubu.util.ExecuteScript.run(ExecuteScript.java:59)]2022-04-21 22:16:55.712 [main] ExecuteScript - Table dropped.
DEBUG: [lsi.ubu.util.ExecuteScript.run(ExecuteScript.java:59)]2022-04-21 22:16:55.712 [main] ExecuteScript - 
DEBUG: [lsi.ubu.util.ExecuteScript.run(ExecuteScript.java:59)]2022-04-21 22:16:55.748 [main] ExecuteScript - 
DEBUG: [lsi.ubu.util.ExecuteScript.run(ExecuteScript.java:59)]2022-04-21 22:16:55.748 [main] ExecuteScript - Table dropped.
DEBUG: [lsi.ubu.util.ExecuteScript.run(ExecuteScript.java:59)]2022-04-21 22:16:55.749 [main] ExecuteScript - 
DEBUG: [lsi.ubu.util.ExecuteScript.run(ExecuteScript.java:59)]2022-04-21 22:16:55.795 [main] ExecuteScript - 
DEBUG: [lsi.ubu.util.ExecuteScript.run(ExecuteScript.java:59)]2022-04-21 22:16:55.796 [main] ExecuteScript - Table dropped.
DEBUG: [lsi.ubu.util.ExecuteScript.run(ExecuteScript.java:59)]2022-04-21 22:16:55.796 [main] ExecuteScript - 
DEBUG: [lsi.ubu.util.ExecuteScript.run(ExecuteScript.java:59)]2022-04-21 22:16:55.837 [main] ExecuteScript - 
DEBUG: [lsi.ubu.util.ExecuteScript.run(ExecuteScript.java:59)]2022-04-21 22:16:55.838 [main] ExecuteScript - Table dropped.
DEBUG: [lsi.ubu.util.ExecuteScript.run(ExecuteScript.java:59)]2022-04-21 22:16:55.838 [main] ExecuteScript - 
DEBUG: [lsi.ubu.util.ExecuteScript.run(ExecuteScript.java:59)]2022-04-21 22:16:55.860 [main] ExecuteScript - 
DEBUG: [lsi.ubu.util.ExecuteScript.run(ExecuteScript.java:59)]2022-04-21 22:16:55.861 [main] ExecuteScript - Table dropped.
DEBUG: [lsi.ubu.util.ExecuteScript.run(ExecuteScript.java:59)]2022-04-21 22:16:55.862 [main] ExecuteScript - 
DEBUG: [lsi.ubu.util.ExecuteScript.run(ExecuteScript.java:59)]2022-04-21 22:16:55.888 [main] ExecuteScript - 
DEBUG: [lsi.ubu.util.ExecuteScript.run(ExecuteScript.java:59)]2022-04-21 22:16:55.889 [main] ExecuteScript - Table created.
DEBUG: [lsi.ubu.util.ExecuteScript.run(ExecuteScript.java:59)]2022-04-21 22:16:55.889 [main] ExecuteScript - 
DEBUG: [lsi.ubu.util.ExecuteScript.run(ExecuteScript.java:59)]2022-04-21 22:16:55.930 [main] ExecuteScript - 
DEBUG: [lsi.ubu.util.ExecuteScript.run(ExecuteScript.java:59)]2022-04-21 22:16:55.936 [main] ExecuteScript - Table created.
DEBUG: [lsi.ubu.util.ExecuteScript.run(ExecuteScript.java:59)]2022-04-21 22:16:55.937 [main] ExecuteScript - 
DEBUG: [lsi.ubu.util.ExecuteScript.run(ExecuteScript.java:59)]2022-04-21 22:16:55.973 [main] ExecuteScript - 
DEBUG: [lsi.ubu.util.ExecuteScript.run(ExecuteScript.java:59)]2022-04-21 22:16:55.974 [main] ExecuteScript - Table created.
DEBUG: [lsi.ubu.util.ExecuteScript.run(ExecuteScript.java:59)]2022-04-21 22:16:55.974 [main] ExecuteScript - 
DEBUG: [lsi.ubu.util.ExecuteScript.run(ExecuteScript.java:59)]2022-04-21 22:16:56.051 [main] ExecuteScript - 
DEBUG: [lsi.ubu.util.ExecuteScript.run(ExecuteScript.java:59)]2022-04-21 22:16:56.052 [main] ExecuteScript - Table created.
DEBUG: [lsi.ubu.util.ExecuteScript.run(ExecuteScript.java:59)]2022-04-21 22:16:56.054 [main] ExecuteScript - 
DEBUG: [lsi.ubu.util.ExecuteScript.run(ExecuteScript.java:59)]2022-04-21 22:16:56.221 [main] ExecuteScript - 
DEBUG: [lsi.ubu.util.ExecuteScript.run(ExecuteScript.java:59)]2022-04-21 22:16:56.222 [main] ExecuteScript - Table created.
DEBUG: [lsi.ubu.util.ExecuteScript.run(ExecuteScript.java:59)]2022-04-21 22:16:56.230 [main] ExecuteScript - 
DEBUG: [lsi.ubu.util.ExecuteScript.run(ExecuteScript.java:59)]2022-04-21 22:16:56.444 [main] ExecuteScript - 
DEBUG: [lsi.ubu.util.ExecuteScript.run(ExecuteScript.java:59)]2022-04-21 22:16:56.445 [main] ExecuteScript - Table created.
DEBUG: [lsi.ubu.util.ExecuteScript.run(ExecuteScript.java:59)]2022-04-21 22:16:56.446 [main] ExecuteScript - 
DEBUG: [lsi.ubu.util.ExecuteScript.run(ExecuteScript.java:59)]2022-04-21 22:16:56.534 [main] ExecuteScript - 
DEBUG: [lsi.ubu.util.ExecuteScript.run(ExecuteScript.java:59)]2022-04-21 22:16:56.534 [main] ExecuteScript - Table created.
DEBUG: [lsi.ubu.util.ExecuteScript.run(ExecuteScript.java:59)]2022-04-21 22:16:56.535 [main] ExecuteScript - 
DEBUG: [lsi.ubu.util.ExecuteScript.run(ExecuteScript.java:59)]2022-04-21 22:16:56.547 [main] ExecuteScript - 
DEBUG: [lsi.ubu.util.ExecuteScript.run(ExecuteScript.java:59)]2022-04-21 22:16:56.554 [main] ExecuteScript - Sequence dropped.
DEBUG: [lsi.ubu.util.ExecuteScript.run(ExecuteScript.java:59)]2022-04-21 22:16:56.555 [main] ExecuteScript - 
DEBUG: [lsi.ubu.util.ExecuteScript.run(ExecuteScript.java:59)]2022-04-21 22:16:56.564 [main] ExecuteScript - 
DEBUG: [lsi.ubu.util.ExecuteScript.run(ExecuteScript.java:59)]2022-04-21 22:16:56.566 [main] ExecuteScript - Sequence created.
DEBUG: [lsi.ubu.util.ExecuteScript.run(ExecuteScript.java:59)]2022-04-21 22:16:56.566 [main] ExecuteScript - 
DEBUG: [lsi.ubu.util.ExecuteScript.run(ExecuteScript.java:59)]2022-04-21 22:16:56.749 [main] ExecuteScript - 
DEBUG: [lsi.ubu.util.ExecuteScript.run(ExecuteScript.java:59)]2022-04-21 22:16:56.751 [main] ExecuteScript - Table created.
DEBUG: [lsi.ubu.util.ExecuteScript.run(ExecuteScript.java:59)]2022-04-21 22:16:56.751 [main] ExecuteScript - 
DEBUG: [lsi.ubu.util.ExecuteScript.run(ExecuteScript.java:59)]2022-04-21 22:16:56.762 [main] ExecuteScript - 
DEBUG: [lsi.ubu.util.ExecuteScript.run(ExecuteScript.java:59)]2022-04-21 22:16:56.773 [main] ExecuteScript - 1 row created.
DEBUG: [lsi.ubu.util.ExecuteScript.run(ExecuteScript.java:59)]2022-04-21 22:16:56.774 [main] ExecuteScript - 
DEBUG: [lsi.ubu.util.ExecuteScript.run(ExecuteScript.java:59)]2022-04-21 22:16:56.793 [main] ExecuteScript - 
DEBUG: [lsi.ubu.util.ExecuteScript.run(ExecuteScript.java:59)]2022-04-21 22:16:56.795 [main] ExecuteScript - 1 row created.
DEBUG: [lsi.ubu.util.ExecuteScript.run(ExecuteScript.java:59)]2022-04-21 22:16:56.800 [main] ExecuteScript - 
DEBUG: [lsi.ubu.util.ExecuteScript.run(ExecuteScript.java:59)]2022-04-21 22:16:56.803 [main] ExecuteScript - 
DEBUG: [lsi.ubu.util.ExecuteScript.run(ExecuteScript.java:59)]2022-04-21 22:16:56.803 [main] ExecuteScript - 1 row created.
DEBUG: [lsi.ubu.util.ExecuteScript.run(ExecuteScript.java:59)]2022-04-21 22:16:56.804 [main] ExecuteScript - 
DEBUG: [lsi.ubu.util.ExecuteScript.run(ExecuteScript.java:59)]2022-04-21 22:16:56.804 [main] ExecuteScript - 
DEBUG: [lsi.ubu.util.ExecuteScript.run(ExecuteScript.java:59)]2022-04-21 22:16:56.804 [main] ExecuteScript - 1 row created.
DEBUG: [lsi.ubu.util.ExecuteScript.run(ExecuteScript.java:59)]2022-04-21 22:16:56.805 [main] ExecuteScript - 
DEBUG: [lsi.ubu.util.ExecuteScript.run(ExecuteScript.java:59)]2022-04-21 22:16:56.812 [main] ExecuteScript - 
DEBUG: [lsi.ubu.util.ExecuteScript.run(ExecuteScript.java:59)]2022-04-21 22:16:56.814 [main] ExecuteScript - 1 row created.
DEBUG: [lsi.ubu.util.ExecuteScript.run(ExecuteScript.java:59)]2022-04-21 22:16:56.814 [main] ExecuteScript - 
DEBUG: [lsi.ubu.util.ExecuteScript.run(ExecuteScript.java:59)]2022-04-21 22:16:56.814 [main] ExecuteScript - 
DEBUG: [lsi.ubu.util.ExecuteScript.run(ExecuteScript.java:59)]2022-04-21 22:16:56.815 [main] ExecuteScript - 1 row created.
DEBUG: [lsi.ubu.util.ExecuteScript.run(ExecuteScript.java:59)]2022-04-21 22:16:56.815 [main] ExecuteScript - 
DEBUG: [lsi.ubu.util.ExecuteScript.run(ExecuteScript.java:59)]2022-04-21 22:16:56.820 [main] ExecuteScript - 
DEBUG: [lsi.ubu.util.ExecuteScript.run(ExecuteScript.java:59)]2022-04-21 22:16:56.820 [main] ExecuteScript - 1 row created.
DEBUG: [lsi.ubu.util.ExecuteScript.run(ExecuteScript.java:59)]2022-04-21 22:16:56.820 [main] ExecuteScript - 
DEBUG: [lsi.ubu.util.ExecuteScript.run(ExecuteScript.java:59)]2022-04-21 22:16:56.821 [main] ExecuteScript - 
DEBUG: [lsi.ubu.util.ExecuteScript.run(ExecuteScript.java:59)]2022-04-21 22:16:56.826 [main] ExecuteScript - 1 row created.
DEBUG: [lsi.ubu.util.ExecuteScript.run(ExecuteScript.java:59)]2022-04-21 22:16:56.834 [main] ExecuteScript - 
DEBUG: [lsi.ubu.util.ExecuteScript.run(ExecuteScript.java:59)]2022-04-21 22:16:56.834 [main] ExecuteScript - 
DEBUG: [lsi.ubu.util.ExecuteScript.run(ExecuteScript.java:59)]2022-04-21 22:16:56.834 [main] ExecuteScript - 1 row created.
DEBUG: [lsi.ubu.util.ExecuteScript.run(ExecuteScript.java:59)]2022-04-21 22:16:56.834 [main] ExecuteScript - 
DEBUG: [lsi.ubu.util.ExecuteScript.run(ExecuteScript.java:59)]2022-04-21 22:16:56.835 [main] ExecuteScript - 
DEBUG: [lsi.ubu.util.ExecuteScript.run(ExecuteScript.java:59)]2022-04-21 22:16:56.839 [main] ExecuteScript - 1 row created.
DEBUG: [lsi.ubu.util.ExecuteScript.run(ExecuteScript.java:59)]2022-04-21 22:16:56.842 [main] ExecuteScript - 
DEBUG: [lsi.ubu.util.ExecuteScript.run(ExecuteScript.java:59)]2022-04-21 22:16:56.843 [main] ExecuteScript - 
DEBUG: [lsi.ubu.util.ExecuteScript.run(ExecuteScript.java:59)]2022-04-21 22:16:56.863 [main] ExecuteScript - 1 row created.
DEBUG: [lsi.ubu.util.ExecuteScript.run(ExecuteScript.java:59)]2022-04-21 22:16:56.864 [main] ExecuteScript - 
DEBUG: [lsi.ubu.util.ExecuteScript.run(ExecuteScript.java:59)]2022-04-21 22:16:56.865 [main] ExecuteScript - 
DEBUG: [lsi.ubu.util.ExecuteScript.run(ExecuteScript.java:59)]2022-04-21 22:16:56.866 [main] ExecuteScript - 1 row created.
DEBUG: [lsi.ubu.util.ExecuteScript.run(ExecuteScript.java:59)]2022-04-21 22:16:56.866 [main] ExecuteScript - 
DEBUG: [lsi.ubu.util.ExecuteScript.run(ExecuteScript.java:59)]2022-04-21 22:16:56.866 [main] ExecuteScript - 
DEBUG: [lsi.ubu.util.ExecuteScript.run(ExecuteScript.java:59)]2022-04-21 22:16:56.867 [main] ExecuteScript - 1 row created.
DEBUG: [lsi.ubu.util.ExecuteScript.run(ExecuteScript.java:59)]2022-04-21 22:16:56.869 [main] ExecuteScript - 
DEBUG: [lsi.ubu.util.ExecuteScript.run(ExecuteScript.java:59)]2022-04-21 22:16:56.871 [main] ExecuteScript - 
DEBUG: [lsi.ubu.util.ExecuteScript.run(ExecuteScript.java:59)]2022-04-21 22:16:56.872 [main] ExecuteScript - 1 row created.
DEBUG: [lsi.ubu.util.ExecuteScript.run(ExecuteScript.java:59)]2022-04-21 22:16:56.872 [main] ExecuteScript - 
DEBUG: [lsi.ubu.util.ExecuteScript.run(ExecuteScript.java:59)]2022-04-21 22:16:56.873 [main] ExecuteScript - 
DEBUG: [lsi.ubu.util.ExecuteScript.run(ExecuteScript.java:59)]2022-04-21 22:16:56.873 [main] ExecuteScript - 1 row created.
DEBUG: [lsi.ubu.util.ExecuteScript.run(ExecuteScript.java:59)]2022-04-21 22:16:56.873 [main] ExecuteScript - 
DEBUG: [lsi.ubu.util.ExecuteScript.run(ExecuteScript.java:59)]2022-04-21 22:16:56.873 [main] ExecuteScript - 
DEBUG: [lsi.ubu.util.ExecuteScript.run(ExecuteScript.java:59)]2022-04-21 22:16:56.874 [main] ExecuteScript - 1 row created.
DEBUG: [lsi.ubu.util.ExecuteScript.run(ExecuteScript.java:59)]2022-04-21 22:16:56.874 [main] ExecuteScript - 
DEBUG: [lsi.ubu.util.ExecuteScript.run(ExecuteScript.java:59)]2022-04-21 22:16:56.881 [main] ExecuteScript - 
DEBUG: [lsi.ubu.util.ExecuteScript.run(ExecuteScript.java:59)]2022-04-21 22:16:56.884 [main] ExecuteScript - 1 row created.
DEBUG: [lsi.ubu.util.ExecuteScript.run(ExecuteScript.java:59)]2022-04-21 22:16:56.884 [main] ExecuteScript - 
DEBUG: [lsi.ubu.util.ExecuteScript.run(ExecuteScript.java:59)]2022-04-21 22:16:56.884 [main] ExecuteScript - 
DEBUG: [lsi.ubu.util.ExecuteScript.run(ExecuteScript.java:59)]2022-04-21 22:16:56.884 [main] ExecuteScript - 1 row created.
DEBUG: [lsi.ubu.util.ExecuteScript.run(ExecuteScript.java:59)]2022-04-21 22:16:56.885 [main] ExecuteScript - 
DEBUG: [lsi.ubu.util.ExecuteScript.run(ExecuteScript.java:59)]2022-04-21 22:16:56.885 [main] ExecuteScript - 
DEBUG: [lsi.ubu.util.ExecuteScript.run(ExecuteScript.java:59)]2022-04-21 22:16:56.886 [main] ExecuteScript - 1 row created.
DEBUG: [lsi.ubu.util.ExecuteScript.run(ExecuteScript.java:59)]2022-04-21 22:16:56.886 [main] ExecuteScript - 
DEBUG: [lsi.ubu.util.ExecuteScript.run(ExecuteScript.java:59)]2022-04-21 22:16:56.889 [main] ExecuteScript - 
DEBUG: [lsi.ubu.util.ExecuteScript.run(ExecuteScript.java:59)]2022-04-21 22:16:56.891 [main] ExecuteScript - 1 row created.
DEBUG: [lsi.ubu.util.ExecuteScript.run(ExecuteScript.java:59)]2022-04-21 22:16:56.891 [main] ExecuteScript - 
DEBUG: [lsi.ubu.util.ExecuteScript.run(ExecuteScript.java:59)]2022-04-21 22:16:56.891 [main] ExecuteScript - 
DEBUG: [lsi.ubu.util.ExecuteScript.run(ExecuteScript.java:59)]2022-04-21 22:16:56.892 [main] ExecuteScript - 1 row created.
DEBUG: [lsi.ubu.util.ExecuteScript.run(ExecuteScript.java:59)]2022-04-21 22:16:56.893 [main] ExecuteScript - 
DEBUG: [lsi.ubu.util.ExecuteScript.run(ExecuteScript.java:59)]2022-04-21 22:16:56.894 [main] ExecuteScript - 
DEBUG: [lsi.ubu.util.ExecuteScript.run(ExecuteScript.java:59)]2022-04-21 22:16:56.898 [main] ExecuteScript - 1 row created.
DEBUG: [lsi.ubu.util.ExecuteScript.run(ExecuteScript.java:59)]2022-04-21 22:16:56.902 [main] ExecuteScript - 
DEBUG: [lsi.ubu.util.ExecuteScript.run(ExecuteScript.java:59)]2022-04-21 22:16:56.902 [main] ExecuteScript - 
DEBUG: [lsi.ubu.util.ExecuteScript.run(ExecuteScript.java:59)]2022-04-21 22:16:56.902 [main] ExecuteScript - 1 row created.
DEBUG: [lsi.ubu.util.ExecuteScript.run(ExecuteScript.java:59)]2022-04-21 22:16:56.903 [main] ExecuteScript - 
DEBUG: [lsi.ubu.util.ExecuteScript.run(ExecuteScript.java:59)]2022-04-21 22:16:56.910 [main] ExecuteScript - 
DEBUG: [lsi.ubu.util.ExecuteScript.run(ExecuteScript.java:59)]2022-04-21 22:16:56.910 [main] ExecuteScript - 1 row created.
DEBUG: [lsi.ubu.util.ExecuteScript.run(ExecuteScript.java:59)]2022-04-21 22:16:56.910 [main] ExecuteScript - 
DEBUG: [lsi.ubu.util.ExecuteScript.run(ExecuteScript.java:59)]2022-04-21 22:16:56.912 [main] ExecuteScript - 
DEBUG: [lsi.ubu.util.ExecuteScript.run(ExecuteScript.java:59)]2022-04-21 22:16:56.912 [main] ExecuteScript - 1 row created.
DEBUG: [lsi.ubu.util.ExecuteScript.run(ExecuteScript.java:59)]2022-04-21 22:16:56.912 [main] ExecuteScript - 
DEBUG: [lsi.ubu.util.ExecuteScript.run(ExecuteScript.java:59)]2022-04-21 22:16:56.912 [main] ExecuteScript - 
DEBUG: [lsi.ubu.util.ExecuteScript.run(ExecuteScript.java:59)]2022-04-21 22:16:56.912 [main] ExecuteScript - 1 row created.
DEBUG: [lsi.ubu.util.ExecuteScript.run(ExecuteScript.java:59)]2022-04-21 22:16:56.913 [main] ExecuteScript - 
DEBUG: [lsi.ubu.util.ExecuteScript.run(ExecuteScript.java:59)]2022-04-21 22:16:56.913 [main] ExecuteScript - 
DEBUG: [lsi.ubu.util.ExecuteScript.run(ExecuteScript.java:59)]2022-04-21 22:16:56.913 [main] ExecuteScript - Commit complete.
DEBUG: [lsi.ubu.util.ExecuteScript.run(ExecuteScript.java:59)]2022-04-21 22:16:56.914 [main] ExecuteScript - 
DEBUG: [lsi.ubu.util.ExecuteScript.run(ExecuteScript.java:59)]2022-04-21 22:16:56.914 [main] ExecuteScript - Disconnected from Oracle Database 11g Express Edition Release 11.2.0.2.0 - 64bit Production
INFO : [lsi.ubu.util.PoolDeConexiones.getConnection(PoolDeConexiones.java:109)]2022-04-21 22:16:59.533 [main] PoolDeConexiones - Activacion de Autocommit=false
INFO : [lsi.ubu.util.PoolDeConexiones.getConnection(PoolDeConexiones.java:117)]2022-04-21 22:16:59.533 [main] PoolDeConexiones - Activacion de Autocommit=false
Nivel de Aislamiento=TRANSACTION_READ_COMMITTED
DEBUG: [lsi.ubu.util.ExecuteScript.run(ExecuteScript.java:59)]2022-04-21 22:18:41.475 [main] ExecuteScript - 
DEBUG: [lsi.ubu.util.ExecuteScript.run(ExecuteScript.java:59)]2022-04-21 22:18:41.492 [main] ExecuteScript - SQL*Plus: Release 11.2.0.2.0 Production on Jue Abr 21 22:18:41 2022
DEBUG: [lsi.ubu.util.ExecuteScript.run(ExecuteScript.java:59)]2022-04-21 22:18:41.501 [main] ExecuteScript - 
DEBUG: [lsi.ubu.util.ExecuteScript.run(ExecuteScript.java:59)]2022-04-21 22:18:41.505 [main] ExecuteScript - Copyright (c) 1982, 2011, Oracle.  All rights reserved.
DEBUG: [lsi.ubu.util.ExecuteScript.run(ExecuteScript.java:59)]2022-04-21 22:18:41.533 [main] ExecuteScript - 
DEBUG: [lsi.ubu.util.ExecuteScript.run(ExecuteScript.java:59)]2022-04-21 22:18:41.561 [main] ExecuteScript - 
DEBUG: [lsi.ubu.util.ExecuteScript.run(ExecuteScript.java:59)]2022-04-21 22:18:41.562 [main] ExecuteScript - Connected to:
DEBUG: [lsi.ubu.util.ExecuteScript.run(ExecuteScript.java:59)]2022-04-21 22:18:41.562 [main] ExecuteScript - Oracle Database 11g Express Edition Release 11.2.0.2.0 - 64bit Production
DEBUG: [lsi.ubu.util.ExecuteScript.run(ExecuteScript.java:59)]2022-04-21 22:18:41.563 [main] ExecuteScript - 
DEBUG: [lsi.ubu.util.ExecuteScript.run(ExecuteScript.java:59)]2022-04-21 22:18:41.612 [main] ExecuteScript - 
DEBUG: [lsi.ubu.util.ExecuteScript.run(ExecuteScript.java:59)]2022-04-21 22:18:41.613 [main] ExecuteScript - Table dropped.
DEBUG: [lsi.ubu.util.ExecuteScript.run(ExecuteScript.java:59)]2022-04-21 22:18:41.613 [main] ExecuteScript - 
DEBUG: [lsi.ubu.util.ExecuteScript.run(ExecuteScript.java:59)]2022-04-21 22:18:41.652 [main] ExecuteScript - 
DEBUG: [lsi.ubu.util.ExecuteScript.run(ExecuteScript.java:59)]2022-04-21 22:18:41.653 [main] ExecuteScript - Table dropped.
DEBUG: [lsi.ubu.util.ExecuteScript.run(ExecuteScript.java:59)]2022-04-21 22:18:41.653 [main] ExecuteScript - 
DEBUG: [lsi.ubu.util.ExecuteScript.run(ExecuteScript.java:59)]2022-04-21 22:18:41.710 [main] ExecuteScript - 
DEBUG: [lsi.ubu.util.ExecuteScript.run(ExecuteScript.java:59)]2022-04-21 22:18:41.722 [main] ExecuteScript - Table dropped.
DEBUG: [lsi.ubu.util.ExecuteScript.run(ExecuteScript.java:59)]2022-04-21 22:18:41.722 [main] ExecuteScript - 
DEBUG: [lsi.ubu.util.ExecuteScript.run(ExecuteScript.java:59)]2022-04-21 22:18:41.803 [main] ExecuteScript - 
DEBUG: [lsi.ubu.util.ExecuteScript.run(ExecuteScript.java:59)]2022-04-21 22:18:41.803 [main] ExecuteScript - Table dropped.
DEBUG: [lsi.ubu.util.ExecuteScript.run(ExecuteScript.java:59)]2022-04-21 22:18:41.804 [main] ExecuteScript - 
DEBUG: [lsi.ubu.util.ExecuteScript.run(ExecuteScript.java:59)]2022-04-21 22:18:41.838 [main] ExecuteScript - 
DEBUG: [lsi.ubu.util.ExecuteScript.run(ExecuteScript.java:59)]2022-04-21 22:18:41.838 [main] ExecuteScript - Table dropped.
DEBUG: [lsi.ubu.util.ExecuteScript.run(ExecuteScript.java:59)]2022-04-21 22:18:41.839 [main] ExecuteScript - 
DEBUG: [lsi.ubu.util.ExecuteScript.run(ExecuteScript.java:59)]2022-04-21 22:18:41.865 [main] ExecuteScript - 
DEBUG: [lsi.ubu.util.ExecuteScript.run(ExecuteScript.java:59)]2022-04-21 22:18:41.866 [main] ExecuteScript - Table dropped.
DEBUG: [lsi.ubu.util.ExecuteScript.run(ExecuteScript.java:59)]2022-04-21 22:18:41.867 [main] ExecuteScript - 
DEBUG: [lsi.ubu.util.ExecuteScript.run(ExecuteScript.java:59)]2022-04-21 22:18:41.910 [main] ExecuteScript - 
DEBUG: [lsi.ubu.util.ExecuteScript.run(ExecuteScript.java:59)]2022-04-21 22:18:41.912 [main] ExecuteScript - Table dropped.
DEBUG: [lsi.ubu.util.ExecuteScript.run(ExecuteScript.java:59)]2022-04-21 22:18:41.913 [main] ExecuteScript - 
DEBUG: [lsi.ubu.util.ExecuteScript.run(ExecuteScript.java:59)]2022-04-21 22:18:41.936 [main] ExecuteScript - 
DEBUG: [lsi.ubu.util.ExecuteScript.run(ExecuteScript.java:59)]2022-04-21 22:18:41.936 [main] ExecuteScript - Table dropped.
DEBUG: [lsi.ubu.util.ExecuteScript.run(ExecuteScript.java:59)]2022-04-21 22:18:41.938 [main] ExecuteScript - 
DEBUG: [lsi.ubu.util.ExecuteScript.run(ExecuteScript.java:59)]2022-04-21 22:18:41.954 [main] ExecuteScript - 
DEBUG: [lsi.ubu.util.ExecuteScript.run(ExecuteScript.java:59)]2022-04-21 22:18:41.954 [main] ExecuteScript - Table created.
DEBUG: [lsi.ubu.util.ExecuteScript.run(ExecuteScript.java:59)]2022-04-21 22:18:41.955 [main] ExecuteScript - 
DEBUG: [lsi.ubu.util.ExecuteScript.run(ExecuteScript.java:59)]2022-04-21 22:18:41.979 [main] ExecuteScript - 
DEBUG: [lsi.ubu.util.ExecuteScript.run(ExecuteScript.java:59)]2022-04-21 22:18:41.986 [main] ExecuteScript - Table created.
DEBUG: [lsi.ubu.util.ExecuteScript.run(ExecuteScript.java:59)]2022-04-21 22:18:41.986 [main] ExecuteScript - 
DEBUG: [lsi.ubu.util.ExecuteScript.run(ExecuteScript.java:59)]2022-04-21 22:18:42.005 [main] ExecuteScript - 
DEBUG: [lsi.ubu.util.ExecuteScript.run(ExecuteScript.java:59)]2022-04-21 22:18:42.006 [main] ExecuteScript - Table created.
DEBUG: [lsi.ubu.util.ExecuteScript.run(ExecuteScript.java:59)]2022-04-21 22:18:42.006 [main] ExecuteScript - 
DEBUG: [lsi.ubu.util.ExecuteScript.run(ExecuteScript.java:59)]2022-04-21 22:18:42.070 [main] ExecuteScript - 
DEBUG: [lsi.ubu.util.ExecuteScript.run(ExecuteScript.java:59)]2022-04-21 22:18:42.071 [main] ExecuteScript - Table created.
DEBUG: [lsi.ubu.util.ExecuteScript.run(ExecuteScript.java:59)]2022-04-21 22:18:42.071 [main] ExecuteScript - 
DEBUG: [lsi.ubu.util.ExecuteScript.run(ExecuteScript.java:59)]2022-04-21 22:18:42.242 [main] ExecuteScript - 
DEBUG: [lsi.ubu.util.ExecuteScript.run(ExecuteScript.java:59)]2022-04-21 22:18:42.243 [main] ExecuteScript - Table created.
DEBUG: [lsi.ubu.util.ExecuteScript.run(ExecuteScript.java:59)]2022-04-21 22:18:42.244 [main] ExecuteScript - 
DEBUG: [lsi.ubu.util.ExecuteScript.run(ExecuteScript.java:59)]2022-04-21 22:18:42.451 [main] ExecuteScript - 
DEBUG: [lsi.ubu.util.ExecuteScript.run(ExecuteScript.java:59)]2022-04-21 22:18:42.452 [main] ExecuteScript - Table created.
DEBUG: [lsi.ubu.util.ExecuteScript.run(ExecuteScript.java:59)]2022-04-21 22:18:42.453 [main] ExecuteScript - 
DEBUG: [lsi.ubu.util.ExecuteScript.run(ExecuteScript.java:59)]2022-04-21 22:18:42.548 [main] ExecuteScript - 
DEBUG: [lsi.ubu.util.ExecuteScript.run(ExecuteScript.java:59)]2022-04-21 22:18:42.549 [main] ExecuteScript - Table created.
DEBUG: [lsi.ubu.util.ExecuteScript.run(ExecuteScript.java:59)]2022-04-21 22:18:42.550 [main] ExecuteScript - 
DEBUG: [lsi.ubu.util.ExecuteScript.run(ExecuteScript.java:59)]2022-04-21 22:18:42.562 [main] ExecuteScript - 
DEBUG: [lsi.ubu.util.ExecuteScript.run(ExecuteScript.java:59)]2022-04-21 22:18:42.573 [main] ExecuteScript - Sequence dropped.
DEBUG: [lsi.ubu.util.ExecuteScript.run(ExecuteScript.java:59)]2022-04-21 22:18:42.576 [main] ExecuteScript - 
DEBUG: [lsi.ubu.util.ExecuteScript.run(ExecuteScript.java:59)]2022-04-21 22:18:42.582 [main] ExecuteScript - 
DEBUG: [lsi.ubu.util.ExecuteScript.run(ExecuteScript.java:59)]2022-04-21 22:18:42.583 [main] ExecuteScript - Sequence created.
DEBUG: [lsi.ubu.util.ExecuteScript.run(ExecuteScript.java:59)]2022-04-21 22:18:42.583 [main] ExecuteScript - 
DEBUG: [lsi.ubu.util.ExecuteScript.run(ExecuteScript.java:59)]2022-04-21 22:18:42.741 [main] ExecuteScript - 
DEBUG: [lsi.ubu.util.ExecuteScript.run(ExecuteScript.java:59)]2022-04-21 22:18:42.742 [main] ExecuteScript - Table created.
DEBUG: [lsi.ubu.util.ExecuteScript.run(ExecuteScript.java:59)]2022-04-21 22:18:42.742 [main] ExecuteScript - 
DEBUG: [lsi.ubu.util.ExecuteScript.run(ExecuteScript.java:59)]2022-04-21 22:18:42.751 [main] ExecuteScript - 
DEBUG: [lsi.ubu.util.ExecuteScript.run(ExecuteScript.java:59)]2022-04-21 22:18:42.751 [main] ExecuteScript - 1 row created.
DEBUG: [lsi.ubu.util.ExecuteScript.run(ExecuteScript.java:59)]2022-04-21 22:18:42.752 [main] ExecuteScript - 
DEBUG: [lsi.ubu.util.ExecuteScript.run(ExecuteScript.java:59)]2022-04-21 22:18:42.759 [main] ExecuteScript - 
DEBUG: [lsi.ubu.util.ExecuteScript.run(ExecuteScript.java:59)]2022-04-21 22:18:42.760 [main] ExecuteScript - 1 row created.
DEBUG: [lsi.ubu.util.ExecuteScript.run(ExecuteScript.java:59)]2022-04-21 22:18:42.761 [main] ExecuteScript - 
DEBUG: [lsi.ubu.util.ExecuteScript.run(ExecuteScript.java:59)]2022-04-21 22:18:42.763 [main] ExecuteScript - 
DEBUG: [lsi.ubu.util.ExecuteScript.run(ExecuteScript.java:59)]2022-04-21 22:18:42.769 [main] ExecuteScript - 1 row created.
DEBUG: [lsi.ubu.util.ExecuteScript.run(ExecuteScript.java:59)]2022-04-21 22:18:42.774 [main] ExecuteScript - 
DEBUG: [lsi.ubu.util.ExecuteScript.run(ExecuteScript.java:59)]2022-04-21 22:18:42.774 [main] ExecuteScript - 
DEBUG: [lsi.ubu.util.ExecuteScript.run(ExecuteScript.java:59)]2022-04-21 22:18:42.775 [main] ExecuteScript - 1 row created.
DEBUG: [lsi.ubu.util.ExecuteScript.run(ExecuteScript.java:59)]2022-04-21 22:18:42.775 [main] ExecuteScript - 
DEBUG: [lsi.ubu.util.ExecuteScript.run(ExecuteScript.java:59)]2022-04-21 22:18:42.776 [main] ExecuteScript - 
DEBUG: [lsi.ubu.util.ExecuteScript.run(ExecuteScript.java:59)]2022-04-21 22:18:42.776 [main] ExecuteScript - 1 row created.
DEBUG: [lsi.ubu.util.ExecuteScript.run(ExecuteScript.java:59)]2022-04-21 22:18:42.776 [main] ExecuteScript - 
DEBUG: [lsi.ubu.util.ExecuteScript.run(ExecuteScript.java:59)]2022-04-21 22:18:42.777 [main] ExecuteScript - 
DEBUG: [lsi.ubu.util.ExecuteScript.run(ExecuteScript.java:59)]2022-04-21 22:18:42.797 [main] ExecuteScript - 1 row created.
DEBUG: [lsi.ubu.util.ExecuteScript.run(ExecuteScript.java:59)]2022-04-21 22:18:42.816 [main] ExecuteScript - 
DEBUG: [lsi.ubu.util.ExecuteScript.run(ExecuteScript.java:59)]2022-04-21 22:18:42.817 [main] ExecuteScript - 
DEBUG: [lsi.ubu.util.ExecuteScript.run(ExecuteScript.java:59)]2022-04-21 22:18:42.818 [main] ExecuteScript - 1 row created.
DEBUG: [lsi.ubu.util.ExecuteScript.run(ExecuteScript.java:59)]2022-04-21 22:18:42.829 [main] ExecuteScript - 
DEBUG: [lsi.ubu.util.ExecuteScript.run(ExecuteScript.java:59)]2022-04-21 22:18:42.830 [main] ExecuteScript - 
DEBUG: [lsi.ubu.util.ExecuteScript.run(ExecuteScript.java:59)]2022-04-21 22:18:42.846 [main] ExecuteScript - 1 row created.
DEBUG: [lsi.ubu.util.ExecuteScript.run(ExecuteScript.java:59)]2022-04-21 22:18:42.851 [main] ExecuteScript - 
DEBUG: [lsi.ubu.util.ExecuteScript.run(ExecuteScript.java:59)]2022-04-21 22:18:42.860 [main] ExecuteScript - 
DEBUG: [lsi.ubu.util.ExecuteScript.run(ExecuteScript.java:59)]2022-04-21 22:18:42.861 [main] ExecuteScript - 1 row created.
DEBUG: [lsi.ubu.util.ExecuteScript.run(ExecuteScript.java:59)]2022-04-21 22:18:42.861 [main] ExecuteScript - 
DEBUG: [lsi.ubu.util.ExecuteScript.run(ExecuteScript.java:59)]2022-04-21 22:18:42.866 [main] ExecuteScript - 
DEBUG: [lsi.ubu.util.ExecuteScript.run(ExecuteScript.java:59)]2022-04-21 22:18:42.880 [main] ExecuteScript - 1 row created.
DEBUG: [lsi.ubu.util.ExecuteScript.run(ExecuteScript.java:59)]2022-04-21 22:18:42.882 [main] ExecuteScript - 
DEBUG: [lsi.ubu.util.ExecuteScript.run(ExecuteScript.java:59)]2022-04-21 22:18:42.882 [main] ExecuteScript - 
DEBUG: [lsi.ubu.util.ExecuteScript.run(ExecuteScript.java:59)]2022-04-21 22:18:42.890 [main] ExecuteScript - 1 row created.
DEBUG: [lsi.ubu.util.ExecuteScript.run(ExecuteScript.java:59)]2022-04-21 22:18:42.891 [main] ExecuteScript - 
DEBUG: [lsi.ubu.util.ExecuteScript.run(ExecuteScript.java:59)]2022-04-21 22:18:42.891 [main] ExecuteScript - 
DEBUG: [lsi.ubu.util.ExecuteScript.run(ExecuteScript.java:59)]2022-04-21 22:18:42.891 [main] ExecuteScript - 1 row created.
DEBUG: [lsi.ubu.util.ExecuteScript.run(ExecuteScript.java:59)]2022-04-21 22:18:42.891 [main] ExecuteScript - 
DEBUG: [lsi.ubu.util.ExecuteScript.run(ExecuteScript.java:59)]2022-04-21 22:18:42.891 [main] ExecuteScript - 
DEBUG: [lsi.ubu.util.ExecuteScript.run(ExecuteScript.java:59)]2022-04-21 22:18:42.891 [main] ExecuteScript - 1 row created.
DEBUG: [lsi.ubu.util.ExecuteScript.run(ExecuteScript.java:59)]2022-04-21 22:18:42.893 [main] ExecuteScript - 
DEBUG: [lsi.ubu.util.ExecuteScript.run(ExecuteScript.java:59)]2022-04-21 22:18:42.893 [main] ExecuteScript - 
DEBUG: [lsi.ubu.util.ExecuteScript.run(ExecuteScript.java:59)]2022-04-21 22:18:42.893 [main] ExecuteScript - 1 row created.
DEBUG: [lsi.ubu.util.ExecuteScript.run(ExecuteScript.java:59)]2022-04-21 22:18:42.893 [main] ExecuteScript - 
DEBUG: [lsi.ubu.util.ExecuteScript.run(ExecuteScript.java:59)]2022-04-21 22:18:42.893 [main] ExecuteScript - 
DEBUG: [lsi.ubu.util.ExecuteScript.run(ExecuteScript.java:59)]2022-04-21 22:18:42.896 [main] ExecuteScript - 1 row created.
DEBUG: [lsi.ubu.util.ExecuteScript.run(ExecuteScript.java:59)]2022-04-21 22:18:42.897 [main] ExecuteScript - 
DEBUG: [lsi.ubu.util.ExecuteScript.run(ExecuteScript.java:59)]2022-04-21 22:18:42.897 [main] ExecuteScript - 
DEBUG: [lsi.ubu.util.ExecuteScript.run(ExecuteScript.java:59)]2022-04-21 22:18:42.898 [main] ExecuteScript - 1 row created.
DEBUG: [lsi.ubu.util.ExecuteScript.run(ExecuteScript.java:59)]2022-04-21 22:18:42.898 [main] ExecuteScript - 
DEBUG: [lsi.ubu.util.ExecuteScript.run(ExecuteScript.java:59)]2022-04-21 22:18:42.905 [main] ExecuteScript - 
DEBUG: [lsi.ubu.util.ExecuteScript.run(ExecuteScript.java:59)]2022-04-21 22:18:42.906 [main] ExecuteScript - 1 row created.
DEBUG: [lsi.ubu.util.ExecuteScript.run(ExecuteScript.java:59)]2022-04-21 22:18:42.906 [main] ExecuteScript - 
DEBUG: [lsi.ubu.util.ExecuteScript.run(ExecuteScript.java:59)]2022-04-21 22:18:42.906 [main] ExecuteScript - 
DEBUG: [lsi.ubu.util.ExecuteScript.run(ExecuteScript.java:59)]2022-04-21 22:18:42.906 [main] ExecuteScript - 1 row created.
DEBUG: [lsi.ubu.util.ExecuteScript.run(ExecuteScript.java:59)]2022-04-21 22:18:42.906 [main] ExecuteScript - 
DEBUG: [lsi.ubu.util.ExecuteScript.run(ExecuteScript.java:59)]2022-04-21 22:18:42.907 [main] ExecuteScript - 
DEBUG: [lsi.ubu.util.ExecuteScript.run(ExecuteScript.java:59)]2022-04-21 22:18:42.907 [main] ExecuteScript - 1 row created.
DEBUG: [lsi.ubu.util.ExecuteScript.run(ExecuteScript.java:59)]2022-04-21 22:18:42.907 [main] ExecuteScript - 
DEBUG: [lsi.ubu.util.ExecuteScript.run(ExecuteScript.java:59)]2022-04-21 22:18:42.908 [main] ExecuteScript - 
DEBUG: [lsi.ubu.util.ExecuteScript.run(ExecuteScript.java:59)]2022-04-21 22:18:42.909 [main] ExecuteScript - 1 row created.
DEBUG: [lsi.ubu.util.ExecuteScript.run(ExecuteScript.java:59)]2022-04-21 22:18:42.909 [main] ExecuteScript - 
DEBUG: [lsi.ubu.util.ExecuteScript.run(ExecuteScript.java:59)]2022-04-21 22:18:42.909 [main] ExecuteScript - 
DEBUG: [lsi.ubu.util.ExecuteScript.run(ExecuteScript.java:59)]2022-04-21 22:18:42.909 [main] ExecuteScript - 1 row created.
DEBUG: [lsi.ubu.util.ExecuteScript.run(ExecuteScript.java:59)]2022-04-21 22:18:42.910 [main] ExecuteScript - 
DEBUG: [lsi.ubu.util.ExecuteScript.run(ExecuteScript.java:59)]2022-04-21 22:18:42.910 [main] ExecuteScript - 
DEBUG: [lsi.ubu.util.ExecuteScript.run(ExecuteScript.java:59)]2022-04-21 22:18:42.911 [main] ExecuteScript - 1 row created.
DEBUG: [lsi.ubu.util.ExecuteScript.run(ExecuteScript.java:59)]2022-04-21 22:18:42.912 [main] ExecuteScript - 
DEBUG: [lsi.ubu.util.ExecuteScript.run(ExecuteScript.java:59)]2022-04-21 22:18:42.913 [main] ExecuteScript - 
DEBUG: [lsi.ubu.util.ExecuteScript.run(ExecuteScript.java:59)]2022-04-21 22:18:42.913 [main] ExecuteScript - 1 row created.
DEBUG: [lsi.ubu.util.ExecuteScript.run(ExecuteScript.java:59)]2022-04-21 22:18:42.913 [main] ExecuteScript - 
DEBUG: [lsi.ubu.util.ExecuteScript.run(ExecuteScript.java:59)]2022-04-21 22:18:42.917 [main] ExecuteScript - 
DEBUG: [lsi.ubu.util.ExecuteScript.run(ExecuteScript.java:59)]2022-04-21 22:18:42.918 [main] ExecuteScript - 1 row created.
DEBUG: [lsi.ubu.util.ExecuteScript.run(ExecuteScript.java:59)]2022-04-21 22:18:42.918 [main] ExecuteScript - 
DEBUG: [lsi.ubu.util.ExecuteScript.run(ExecuteScript.java:59)]2022-04-21 22:18:42.918 [main] ExecuteScript - 
DEBUG: [lsi.ubu.util.ExecuteScript.run(ExecuteScript.java:59)]2022-04-21 22:18:42.918 [main] ExecuteScript - 1 row created.
DEBUG: [lsi.ubu.util.ExecuteScript.run(ExecuteScript.java:59)]2022-04-21 22:18:42.918 [main] ExecuteScript - 
DEBUG: [lsi.ubu.util.ExecuteScript.run(ExecuteScript.java:59)]2022-04-21 22:18:42.919 [main] ExecuteScript - 
DEBUG: [lsi.ubu.util.ExecuteScript.run(ExecuteScript.java:59)]2022-04-21 22:18:42.919 [main] ExecuteScript - 1 row created.
DEBUG: [lsi.ubu.util.ExecuteScript.run(ExecuteScript.java:59)]2022-04-21 22:18:42.919 [main] ExecuteScript - 
DEBUG: [lsi.ubu.util.ExecuteScript.run(ExecuteScript.java:59)]2022-04-21 22:18:42.919 [main] ExecuteScript - 
DEBUG: [lsi.ubu.util.ExecuteScript.run(ExecuteScript.java:59)]2022-04-21 22:18:42.919 [main] ExecuteScript - Commit complete.
DEBUG: [lsi.ubu.util.ExecuteScript.run(ExecuteScript.java:59)]2022-04-21 22:18:42.919 [main] ExecuteScript - 
DEBUG: [lsi.ubu.util.ExecuteScript.run(ExecuteScript.java:59)]2022-04-21 22:18:42.919 [main] ExecuteScript - Disconnected from Oracle Database 11g Express Edition Release 11.2.0.2.0 - 64bit Production
INFO : [lsi.ubu.util.PoolDeConexiones.getConnection(PoolDeConexiones.java:109)]2022-04-21 22:18:45.649 [main] PoolDeConexiones - Activacion de Autocommit=false
INFO : [lsi.ubu.util.PoolDeConexiones.getConnection(PoolDeConexiones.java:117)]2022-04-21 22:18:45.650 [main] PoolDeConexiones - Activacion de Autocommit=false
Nivel de Aislamiento=TRANSACTION_READ_COMMITTED
DEBUG: [lsi.ubu.util.ExecuteScript.run(ExecuteScript.java:59)]2022-04-21 22:37:25.049 [main] ExecuteScript - 
DEBUG: [lsi.ubu.util.ExecuteScript.run(ExecuteScript.java:59)]2022-04-21 22:37:25.074 [main] ExecuteScript - SQL*Plus: Release 11.2.0.2.0 Production on Jue Abr 21 22:37:25 2022
DEBUG: [lsi.ubu.util.ExecuteScript.run(ExecuteScript.java:59)]2022-04-21 22:37:25.079 [main] ExecuteScript - 
DEBUG: [lsi.ubu.util.ExecuteScript.run(ExecuteScript.java:59)]2022-04-21 22:37:25.080 [main] ExecuteScript - Copyright (c) 1982, 2011, Oracle.  All rights reserved.
DEBUG: [lsi.ubu.util.ExecuteScript.run(ExecuteScript.java:59)]2022-04-21 22:37:25.129 [main] ExecuteScript - 
DEBUG: [lsi.ubu.util.ExecuteScript.run(ExecuteScript.java:59)]2022-04-21 22:37:25.138 [main] ExecuteScript - 
DEBUG: [lsi.ubu.util.ExecuteScript.run(ExecuteScript.java:59)]2022-04-21 22:37:25.138 [main] ExecuteScript - Connected to:
DEBUG: [lsi.ubu.util.ExecuteScript.run(ExecuteScript.java:59)]2022-04-21 22:37:25.139 [main] ExecuteScript - Oracle Database 11g Express Edition Release 11.2.0.2.0 - 64bit Production
DEBUG: [lsi.ubu.util.ExecuteScript.run(ExecuteScript.java:59)]2022-04-21 22:37:25.146 [main] ExecuteScript - 
DEBUG: [lsi.ubu.util.ExecuteScript.run(ExecuteScript.java:59)]2022-04-21 22:37:25.179 [main] ExecuteScript - 
DEBUG: [lsi.ubu.util.ExecuteScript.run(ExecuteScript.java:59)]2022-04-21 22:37:25.179 [main] ExecuteScript - Table dropped.
DEBUG: [lsi.ubu.util.ExecuteScript.run(ExecuteScript.java:59)]2022-04-21 22:37:25.180 [main] ExecuteScript - 
DEBUG: [lsi.ubu.util.ExecuteScript.run(ExecuteScript.java:59)]2022-04-21 22:37:25.220 [main] ExecuteScript - 
DEBUG: [lsi.ubu.util.ExecuteScript.run(ExecuteScript.java:59)]2022-04-21 22:37:25.221 [main] ExecuteScript - Table dropped.
DEBUG: [lsi.ubu.util.ExecuteScript.run(ExecuteScript.java:59)]2022-04-21 22:37:25.223 [main] ExecuteScript - 
DEBUG: [lsi.ubu.util.ExecuteScript.run(ExecuteScript.java:59)]2022-04-21 22:37:25.288 [main] ExecuteScript - 
DEBUG: [lsi.ubu.util.ExecuteScript.run(ExecuteScript.java:59)]2022-04-21 22:37:25.304 [main] ExecuteScript - Table dropped.
DEBUG: [lsi.ubu.util.ExecuteScript.run(ExecuteScript.java:59)]2022-04-21 22:37:25.305 [main] ExecuteScript - 
DEBUG: [lsi.ubu.util.ExecuteScript.run(ExecuteScript.java:59)]2022-04-21 22:37:25.369 [main] ExecuteScript - 
DEBUG: [lsi.ubu.util.ExecuteScript.run(ExecuteScript.java:59)]2022-04-21 22:37:25.370 [main] ExecuteScript - Table dropped.
DEBUG: [lsi.ubu.util.ExecuteScript.run(ExecuteScript.java:59)]2022-04-21 22:37:25.370 [main] ExecuteScript - 
DEBUG: [lsi.ubu.util.ExecuteScript.run(ExecuteScript.java:59)]2022-04-21 22:37:25.405 [main] ExecuteScript - 
DEBUG: [lsi.ubu.util.ExecuteScript.run(ExecuteScript.java:59)]2022-04-21 22:37:25.405 [main] ExecuteScript - Table dropped.
DEBUG: [lsi.ubu.util.ExecuteScript.run(ExecuteScript.java:59)]2022-04-21 22:37:25.406 [main] ExecuteScript - 
DEBUG: [lsi.ubu.util.ExecuteScript.run(ExecuteScript.java:59)]2022-04-21 22:37:25.431 [main] ExecuteScript - 
DEBUG: [lsi.ubu.util.ExecuteScript.run(ExecuteScript.java:59)]2022-04-21 22:37:25.432 [main] ExecuteScript - Table dropped.
DEBUG: [lsi.ubu.util.ExecuteScript.run(ExecuteScript.java:59)]2022-04-21 22:37:25.432 [main] ExecuteScript - 
DEBUG: [lsi.ubu.util.ExecuteScript.run(ExecuteScript.java:59)]2022-04-21 22:37:25.472 [main] ExecuteScript - 
DEBUG: [lsi.ubu.util.ExecuteScript.run(ExecuteScript.java:59)]2022-04-21 22:37:25.473 [main] ExecuteScript - Table dropped.
DEBUG: [lsi.ubu.util.ExecuteScript.run(ExecuteScript.java:59)]2022-04-21 22:37:25.474 [main] ExecuteScript - 
DEBUG: [lsi.ubu.util.ExecuteScript.run(ExecuteScript.java:59)]2022-04-21 22:37:25.493 [main] ExecuteScript - 
DEBUG: [lsi.ubu.util.ExecuteScript.run(ExecuteScript.java:59)]2022-04-21 22:37:25.494 [main] ExecuteScript - Table dropped.
DEBUG: [lsi.ubu.util.ExecuteScript.run(ExecuteScript.java:59)]2022-04-21 22:37:25.495 [main] ExecuteScript - 
DEBUG: [lsi.ubu.util.ExecuteScript.run(ExecuteScript.java:59)]2022-04-21 22:37:25.511 [main] ExecuteScript - 
DEBUG: [lsi.ubu.util.ExecuteScript.run(ExecuteScript.java:59)]2022-04-21 22:37:25.512 [main] ExecuteScript - Table created.
DEBUG: [lsi.ubu.util.ExecuteScript.run(ExecuteScript.java:59)]2022-04-21 22:37:25.512 [main] ExecuteScript - 
DEBUG: [lsi.ubu.util.ExecuteScript.run(ExecuteScript.java:59)]2022-04-21 22:37:25.533 [main] ExecuteScript - 
DEBUG: [lsi.ubu.util.ExecuteScript.run(ExecuteScript.java:59)]2022-04-21 22:37:25.540 [main] ExecuteScript - Table created.
DEBUG: [lsi.ubu.util.ExecuteScript.run(ExecuteScript.java:59)]2022-04-21 22:37:25.541 [main] ExecuteScript - 
DEBUG: [lsi.ubu.util.ExecuteScript.run(ExecuteScript.java:59)]2022-04-21 22:37:25.561 [main] ExecuteScript - 
DEBUG: [lsi.ubu.util.ExecuteScript.run(ExecuteScript.java:59)]2022-04-21 22:37:25.561 [main] ExecuteScript - Table created.
DEBUG: [lsi.ubu.util.ExecuteScript.run(ExecuteScript.java:59)]2022-04-21 22:37:25.562 [main] ExecuteScript - 
DEBUG: [lsi.ubu.util.ExecuteScript.run(ExecuteScript.java:59)]2022-04-21 22:37:25.630 [main] ExecuteScript - 
DEBUG: [lsi.ubu.util.ExecuteScript.run(ExecuteScript.java:59)]2022-04-21 22:37:25.631 [main] ExecuteScript - Table created.
DEBUG: [lsi.ubu.util.ExecuteScript.run(ExecuteScript.java:59)]2022-04-21 22:37:25.631 [main] ExecuteScript - 
DEBUG: [lsi.ubu.util.ExecuteScript.run(ExecuteScript.java:59)]2022-04-21 22:37:25.797 [main] ExecuteScript - 
DEBUG: [lsi.ubu.util.ExecuteScript.run(ExecuteScript.java:59)]2022-04-21 22:37:25.801 [main] ExecuteScript - Table created.
DEBUG: [lsi.ubu.util.ExecuteScript.run(ExecuteScript.java:59)]2022-04-21 22:37:25.807 [main] ExecuteScript - 
DEBUG: [lsi.ubu.util.ExecuteScript.run(ExecuteScript.java:59)]2022-04-21 22:37:25.995 [main] ExecuteScript - 
DEBUG: [lsi.ubu.util.ExecuteScript.run(ExecuteScript.java:59)]2022-04-21 22:37:25.996 [main] ExecuteScript - Table created.
DEBUG: [lsi.ubu.util.ExecuteScript.run(ExecuteScript.java:59)]2022-04-21 22:37:25.996 [main] ExecuteScript - 
DEBUG: [lsi.ubu.util.ExecuteScript.run(ExecuteScript.java:59)]2022-04-21 22:37:26.114 [main] ExecuteScript - 
DEBUG: [lsi.ubu.util.ExecuteScript.run(ExecuteScript.java:59)]2022-04-21 22:37:26.115 [main] ExecuteScript - Table created.
DEBUG: [lsi.ubu.util.ExecuteScript.run(ExecuteScript.java:59)]2022-04-21 22:37:26.115 [main] ExecuteScript - 
DEBUG: [lsi.ubu.util.ExecuteScript.run(ExecuteScript.java:59)]2022-04-21 22:37:26.137 [main] ExecuteScript - 
DEBUG: [lsi.ubu.util.ExecuteScript.run(ExecuteScript.java:59)]2022-04-21 22:37:26.140 [main] ExecuteScript - Sequence dropped.
DEBUG: [lsi.ubu.util.ExecuteScript.run(ExecuteScript.java:59)]2022-04-21 22:37:26.152 [main] ExecuteScript - 
DEBUG: [lsi.ubu.util.ExecuteScript.run(ExecuteScript.java:59)]2022-04-21 22:37:26.165 [main] ExecuteScript - 
DEBUG: [lsi.ubu.util.ExecuteScript.run(ExecuteScript.java:59)]2022-04-21 22:37:26.166 [main] ExecuteScript - Sequence created.
DEBUG: [lsi.ubu.util.ExecuteScript.run(ExecuteScript.java:59)]2022-04-21 22:37:26.168 [main] ExecuteScript - 
DEBUG: [lsi.ubu.util.ExecuteScript.run(ExecuteScript.java:59)]2022-04-21 22:37:26.395 [main] ExecuteScript - 
DEBUG: [lsi.ubu.util.ExecuteScript.run(ExecuteScript.java:59)]2022-04-21 22:37:26.396 [main] ExecuteScript - Table created.
DEBUG: [lsi.ubu.util.ExecuteScript.run(ExecuteScript.java:59)]2022-04-21 22:37:26.396 [main] ExecuteScript - 
DEBUG: [lsi.ubu.util.ExecuteScript.run(ExecuteScript.java:59)]2022-04-21 22:37:26.403 [main] ExecuteScript - 
DEBUG: [lsi.ubu.util.ExecuteScript.run(ExecuteScript.java:59)]2022-04-21 22:37:26.404 [main] ExecuteScript - 1 row created.
DEBUG: [lsi.ubu.util.ExecuteScript.run(ExecuteScript.java:59)]2022-04-21 22:37:26.404 [main] ExecuteScript - 
DEBUG: [lsi.ubu.util.ExecuteScript.run(ExecuteScript.java:59)]2022-04-21 22:37:26.407 [main] ExecuteScript - 
DEBUG: [lsi.ubu.util.ExecuteScript.run(ExecuteScript.java:59)]2022-04-21 22:37:26.407 [main] ExecuteScript - 1 row created.
DEBUG: [lsi.ubu.util.ExecuteScript.run(ExecuteScript.java:59)]2022-04-21 22:37:26.408 [main] ExecuteScript - 
DEBUG: [lsi.ubu.util.ExecuteScript.run(ExecuteScript.java:59)]2022-04-21 22:37:26.410 [main] ExecuteScript - 
DEBUG: [lsi.ubu.util.ExecuteScript.run(ExecuteScript.java:59)]2022-04-21 22:37:26.412 [main] ExecuteScript - 1 row created.
DEBUG: [lsi.ubu.util.ExecuteScript.run(ExecuteScript.java:59)]2022-04-21 22:37:26.413 [main] ExecuteScript - 
DEBUG: [lsi.ubu.util.ExecuteScript.run(ExecuteScript.java:59)]2022-04-21 22:37:26.420 [main] ExecuteScript - 
DEBUG: [lsi.ubu.util.ExecuteScript.run(ExecuteScript.java:59)]2022-04-21 22:37:26.420 [main] ExecuteScript - 1 row created.
DEBUG: [lsi.ubu.util.ExecuteScript.run(ExecuteScript.java:59)]2022-04-21 22:37:26.420 [main] ExecuteScript - 
DEBUG: [lsi.ubu.util.ExecuteScript.run(ExecuteScript.java:59)]2022-04-21 22:37:26.423 [main] ExecuteScript - 
DEBUG: [lsi.ubu.util.ExecuteScript.run(ExecuteScript.java:59)]2022-04-21 22:37:26.424 [main] ExecuteScript - 1 row created.
DEBUG: [lsi.ubu.util.ExecuteScript.run(ExecuteScript.java:59)]2022-04-21 22:37:26.424 [main] ExecuteScript - 
DEBUG: [lsi.ubu.util.ExecuteScript.run(ExecuteScript.java:59)]2022-04-21 22:37:26.424 [main] ExecuteScript - 
DEBUG: [lsi.ubu.util.ExecuteScript.run(ExecuteScript.java:59)]2022-04-21 22:37:26.425 [main] ExecuteScript - 1 row created.
DEBUG: [lsi.ubu.util.ExecuteScript.run(ExecuteScript.java:59)]2022-04-21 22:37:26.426 [main] ExecuteScript - 
DEBUG: [lsi.ubu.util.ExecuteScript.run(ExecuteScript.java:59)]2022-04-21 22:37:26.427 [main] ExecuteScript - 
DEBUG: [lsi.ubu.util.ExecuteScript.run(ExecuteScript.java:59)]2022-04-21 22:37:26.433 [main] ExecuteScript - 1 row created.
DEBUG: [lsi.ubu.util.ExecuteScript.run(ExecuteScript.java:59)]2022-04-21 22:37:26.433 [main] ExecuteScript - 
DEBUG: [lsi.ubu.util.ExecuteScript.run(ExecuteScript.java:59)]2022-04-21 22:37:26.433 [main] ExecuteScript - 
DEBUG: [lsi.ubu.util.ExecuteScript.run(ExecuteScript.java:59)]2022-04-21 22:37:26.434 [main] ExecuteScript - 1 row created.
DEBUG: [lsi.ubu.util.ExecuteScript.run(ExecuteScript.java:59)]2022-04-21 22:37:26.440 [main] ExecuteScript - 
DEBUG: [lsi.ubu.util.ExecuteScript.run(ExecuteScript.java:59)]2022-04-21 22:37:26.446 [main] ExecuteScript - 
DEBUG: [lsi.ubu.util.ExecuteScript.run(ExecuteScript.java:59)]2022-04-21 22:37:26.447 [main] ExecuteScript - 1 row created.
DEBUG: [lsi.ubu.util.ExecuteScript.run(ExecuteScript.java:59)]2022-04-21 22:37:26.447 [main] ExecuteScript - 
DEBUG: [lsi.ubu.util.ExecuteScript.run(ExecuteScript.java:59)]2022-04-21 22:37:26.448 [main] ExecuteScript - 
DEBUG: [lsi.ubu.util.ExecuteScript.run(ExecuteScript.java:59)]2022-04-21 22:37:26.448 [main] ExecuteScript - 1 row created.
DEBUG: [lsi.ubu.util.ExecuteScript.run(ExecuteScript.java:59)]2022-04-21 22:37:26.449 [main] ExecuteScript - 
DEBUG: [lsi.ubu.util.ExecuteScript.run(ExecuteScript.java:59)]2022-04-21 22:37:26.450 [main] ExecuteScript - 
DEBUG: [lsi.ubu.util.ExecuteScript.run(ExecuteScript.java:59)]2022-04-21 22:37:26.459 [main] ExecuteScript - 1 row created.
DEBUG: [lsi.ubu.util.ExecuteScript.run(ExecuteScript.java:59)]2022-04-21 22:37:26.460 [main] ExecuteScript - 
DEBUG: [lsi.ubu.util.ExecuteScript.run(ExecuteScript.java:59)]2022-04-21 22:37:26.468 [main] ExecuteScript - 
DEBUG: [lsi.ubu.util.ExecuteScript.run(ExecuteScript.java:59)]2022-04-21 22:37:26.469 [main] ExecuteScript - 1 row created.
DEBUG: [lsi.ubu.util.ExecuteScript.run(ExecuteScript.java:59)]2022-04-21 22:37:26.469 [main] ExecuteScript - 
DEBUG: [lsi.ubu.util.ExecuteScript.run(ExecuteScript.java:59)]2022-04-21 22:37:26.471 [main] ExecuteScript - 
DEBUG: [lsi.ubu.util.ExecuteScript.run(ExecuteScript.java:59)]2022-04-21 22:37:26.472 [main] ExecuteScript - 1 row created.
DEBUG: [lsi.ubu.util.ExecuteScript.run(ExecuteScript.java:59)]2022-04-21 22:37:26.472 [main] ExecuteScript - 
DEBUG: [lsi.ubu.util.ExecuteScript.run(ExecuteScript.java:59)]2022-04-21 22:37:26.475 [main] ExecuteScript - 
DEBUG: [lsi.ubu.util.ExecuteScript.run(ExecuteScript.java:59)]2022-04-21 22:37:26.476 [main] ExecuteScript - 1 row created.
DEBUG: [lsi.ubu.util.ExecuteScript.run(ExecuteScript.java:59)]2022-04-21 22:37:26.476 [main] ExecuteScript - 
DEBUG: [lsi.ubu.util.ExecuteScript.run(ExecuteScript.java:59)]2022-04-21 22:37:26.476 [main] ExecuteScript - 
DEBUG: [lsi.ubu.util.ExecuteScript.run(ExecuteScript.java:59)]2022-04-21 22:37:26.476 [main] ExecuteScript - 1 row created.
DEBUG: [lsi.ubu.util.ExecuteScript.run(ExecuteScript.java:59)]2022-04-21 22:37:26.492 [main] ExecuteScript - 
DEBUG: [lsi.ubu.util.ExecuteScript.run(ExecuteScript.java:59)]2022-04-21 22:37:26.492 [main] ExecuteScript - 
DEBUG: [lsi.ubu.util.ExecuteScript.run(ExecuteScript.java:59)]2022-04-21 22:37:26.492 [main] ExecuteScript - 1 row created.
DEBUG: [lsi.ubu.util.ExecuteScript.run(ExecuteScript.java:59)]2022-04-21 22:37:26.497 [main] ExecuteScript - 
DEBUG: [lsi.ubu.util.ExecuteScript.run(ExecuteScript.java:59)]2022-04-21 22:37:26.497 [main] ExecuteScript - 
DEBUG: [lsi.ubu.util.ExecuteScript.run(ExecuteScript.java:59)]2022-04-21 22:37:26.497 [main] ExecuteScript - 1 row created.
DEBUG: [lsi.ubu.util.ExecuteScript.run(ExecuteScript.java:59)]2022-04-21 22:37:26.497 [main] ExecuteScript - 
DEBUG: [lsi.ubu.util.ExecuteScript.run(ExecuteScript.java:59)]2022-04-21 22:37:26.497 [main] ExecuteScript - 
DEBUG: [lsi.ubu.util.ExecuteScript.run(ExecuteScript.java:59)]2022-04-21 22:37:26.498 [main] ExecuteScript - 1 row created.
DEBUG: [lsi.ubu.util.ExecuteScript.run(ExecuteScript.java:59)]2022-04-21 22:37:26.498 [main] ExecuteScript - 
DEBUG: [lsi.ubu.util.ExecuteScript.run(ExecuteScript.java:59)]2022-04-21 22:37:26.498 [main] ExecuteScript - 
DEBUG: [lsi.ubu.util.ExecuteScript.run(ExecuteScript.java:59)]2022-04-21 22:37:26.498 [main] ExecuteScript - 1 row created.
DEBUG: [lsi.ubu.util.ExecuteScript.run(ExecuteScript.java:59)]2022-04-21 22:37:26.498 [main] ExecuteScript - 
DEBUG: [lsi.ubu.util.ExecuteScript.run(ExecuteScript.java:59)]2022-04-21 22:37:26.501 [main] ExecuteScript - 
DEBUG: [lsi.ubu.util.ExecuteScript.run(ExecuteScript.java:59)]2022-04-21 22:37:26.504 [main] ExecuteScript - 1 row created.
DEBUG: [lsi.ubu.util.ExecuteScript.run(ExecuteScript.java:59)]2022-04-21 22:37:26.505 [main] ExecuteScript - 
DEBUG: [lsi.ubu.util.ExecuteScript.run(ExecuteScript.java:59)]2022-04-21 22:37:26.505 [main] ExecuteScript - 
DEBUG: [lsi.ubu.util.ExecuteScript.run(ExecuteScript.java:59)]2022-04-21 22:37:26.507 [main] ExecuteScript - 1 row created.
DEBUG: [lsi.ubu.util.ExecuteScript.run(ExecuteScript.java:59)]2022-04-21 22:37:26.507 [main] ExecuteScript - 
DEBUG: [lsi.ubu.util.ExecuteScript.run(ExecuteScript.java:59)]2022-04-21 22:37:26.508 [main] ExecuteScript - 
DEBUG: [lsi.ubu.util.ExecuteScript.run(ExecuteScript.java:59)]2022-04-21 22:37:26.508 [main] ExecuteScript - 1 row created.
DEBUG: [lsi.ubu.util.ExecuteScript.run(ExecuteScript.java:59)]2022-04-21 22:37:26.512 [main] ExecuteScript - 
DEBUG: [lsi.ubu.util.ExecuteScript.run(ExecuteScript.java:59)]2022-04-21 22:37:26.512 [main] ExecuteScript - 
DEBUG: [lsi.ubu.util.ExecuteScript.run(ExecuteScript.java:59)]2022-04-21 22:37:26.513 [main] ExecuteScript - 1 row created.
DEBUG: [lsi.ubu.util.ExecuteScript.run(ExecuteScript.java:59)]2022-04-21 22:37:26.513 [main] ExecuteScript - 
DEBUG: [lsi.ubu.util.ExecuteScript.run(ExecuteScript.java:59)]2022-04-21 22:37:26.513 [main] ExecuteScript - 
DEBUG: [lsi.ubu.util.ExecuteScript.run(ExecuteScript.java:59)]2022-04-21 22:37:26.513 [main] ExecuteScript - 1 row created.
DEBUG: [lsi.ubu.util.ExecuteScript.run(ExecuteScript.java:59)]2022-04-21 22:37:26.513 [main] ExecuteScript - 
DEBUG: [lsi.ubu.util.ExecuteScript.run(ExecuteScript.java:59)]2022-04-21 22:37:26.515 [main] ExecuteScript - 
DEBUG: [lsi.ubu.util.ExecuteScript.run(ExecuteScript.java:59)]2022-04-21 22:37:26.515 [main] ExecuteScript - 1 row created.
DEBUG: [lsi.ubu.util.ExecuteScript.run(ExecuteScript.java:59)]2022-04-21 22:37:26.516 [main] ExecuteScript - 
DEBUG: [lsi.ubu.util.ExecuteScript.run(ExecuteScript.java:59)]2022-04-21 22:37:26.516 [main] ExecuteScript - 
DEBUG: [lsi.ubu.util.ExecuteScript.run(ExecuteScript.java:59)]2022-04-21 22:37:26.516 [main] ExecuteScript - 1 row created.
DEBUG: [lsi.ubu.util.ExecuteScript.run(ExecuteScript.java:59)]2022-04-21 22:37:26.516 [main] ExecuteScript - 
DEBUG: [lsi.ubu.util.ExecuteScript.run(ExecuteScript.java:59)]2022-04-21 22:37:26.516 [main] ExecuteScript - 
DEBUG: [lsi.ubu.util.ExecuteScript.run(ExecuteScript.java:59)]2022-04-21 22:37:26.516 [main] ExecuteScript - Commit complete.
DEBUG: [lsi.ubu.util.ExecuteScript.run(ExecuteScript.java:59)]2022-04-21 22:37:26.516 [main] ExecuteScript - 
DEBUG: [lsi.ubu.util.ExecuteScript.run(ExecuteScript.java:59)]2022-04-21 22:37:26.516 [main] ExecuteScript - Disconnected from Oracle Database 11g Express Edition Release 11.2.0.2.0 - 64bit Production
INFO : [lsi.ubu.util.PoolDeConexiones.getConnection(PoolDeConexiones.java:109)]2022-04-21 22:37:29.039 [main] PoolDeConexiones - Activacion de Autocommit=false
INFO : [lsi.ubu.util.PoolDeConexiones.getConnection(PoolDeConexiones.java:117)]2022-04-21 22:37:29.039 [main] PoolDeConexiones - Activacion de Autocommit=false
Nivel de Aislamiento=TRANSACTION_READ_COMMITTED
